TeamCode/build/intermediates/manifest_merge_blame_file/debug/manifest-merger-blame-debug-report.txt
1<?xml version="1.0" encoding="utf-8"?>
2<!--
3 Note: the actual manifest file used in your APK merges this file with contributions
4     from the modules on which your app depends (such as FtcRobotController, etc).
5     So it won't ultimately be as empty as it might here appear to be :-)
6-->
7<!-- The package name here determines the package for your R class and your BuildConfig class -->
8<manifest xmlns:android="http://schemas.android.com/apk/res/android"
9    package="com.qualcomm.ftcrobotcontroller"
10    android:versionCode="34"
11    android:versionName="5.2" >
12
13    <uses-sdk
14        android:minSdkVersion="19"
14-->src/main/AndroidManifest.xml
15        android:targetSdkVersion="26" />
15-->src/main/AndroidManifest.xml
16
17    <uses-permission android:name="android.permission.RECEIVE_BOOT_COMPLETED" />
17-->[:FtcRobotController] AndroidManifest.xml:12:5-81
17-->[:FtcRobotController] AndroidManifest.xml:12:22-78
18    <uses-permission
18-->[:RobotCore-release:] AndroidManifest.xml:11:5-13:35
19        android:name="android.permission.ACCESS_WIFI_STATE"
19-->[:RobotCore-release:] AndroidManifest.xml:12:9-60
20        android:required="true" />
20-->[:RobotCore-release:] AndroidManifest.xml:13:9-32
21    <uses-permission
21-->[:RobotCore-release:] AndroidManifest.xml:14:5-16:35
22        android:name="android.permission.CHANGE_WIFI_STATE"
22-->[:RobotCore-release:] AndroidManifest.xml:15:9-60
23        android:required="true" />
23-->[:RobotCore-release:] AndroidManifest.xml:16:9-32
24    <uses-permission android:name="android.permission.BLUETOOTH" />
24-->[:RobotCore-release:] AndroidManifest.xml:17:5-68
24-->[:RobotCore-release:] AndroidManifest.xml:17:22-65
25    <uses-permission
25-->[:RobotCore-release:] AndroidManifest.xml:18:5-20:35
26        android:name="android.permission.ACCESS_NETWORK_STATE"
26-->[:RobotCore-release:] AndroidManifest.xml:19:9-63
27        android:required="true" />
27-->[:RobotCore-release:] AndroidManifest.xml:20:9-32
28    <uses-permission
28-->[:RobotCore-release:] AndroidManifest.xml:21:5-23:35
29        android:name="android.permission.CHANGE_NETWORK_STATE"
29-->[:RobotCore-release:] AndroidManifest.xml:22:9-63
30        android:required="true" />
30-->[:RobotCore-release:] AndroidManifest.xml:23:9-32
31    <uses-permission
31-->[:RobotCore-release:] AndroidManifest.xml:24:5-26:35
32        android:name="android.permission.INTERNET"
32-->[:RobotCore-release:] AndroidManifest.xml:25:9-51
33        android:required="true" /> <!-- Classified as Dangerous Permission in SDK 26 -->
33-->[:RobotCore-release:] AndroidManifest.xml:26:9-32
34    <uses-permission
34-->[:RobotCore-release:] AndroidManifest.xml:29:5-31:35
35        android:name="android.permission.WRITE_EXTERNAL_STORAGE"
35-->[:RobotCore-release:] AndroidManifest.xml:30:9-65
36        android:required="true" /> <!-- Classified as Dangerous Permission in SDK 26 -->
36-->[:RobotCore-release:] AndroidManifest.xml:31:9-32
37    <uses-permission
37-->[:RobotCore-release:] AndroidManifest.xml:33:5-35:35
38        android:name="android.permission.READ_EXTERNAL_STORAGE"
38-->[:RobotCore-release:] AndroidManifest.xml:34:9-64
39        android:required="true" /> <!-- Classified as System Permission in SDK 26 -->
39-->[:RobotCore-release:] AndroidManifest.xml:35:9-32
40    <uses-permission
40-->[:RobotCore-release:] AndroidManifest.xml:38:5-40:35
41        android:name="android.permission.WRITE_SETTINGS"
41-->[:RobotCore-release:] AndroidManifest.xml:39:9-57
42        android:required="true" /> <!-- see AppUtil.setTimeZone() -->
42-->[:RobotCore-release:] AndroidManifest.xml:40:9-32
43    <uses-permission
43-->[:RobotCore-release:] AndroidManifest.xml:43:5-45:35
44        android:name="android.permission.SET_TIME_ZONE"
44-->[:RobotCore-release:] AndroidManifest.xml:44:9-56
45        android:required="true" />
45-->[:RobotCore-release:] AndroidManifest.xml:45:9-32
46    <!--
47  Note: we suspect that this (android.permission.WAKE_LOCK) is no
48  longer needed, but haven't yet found the time necessary to verify
49  that assertion before removing it
50    -->
51    <uses-permission
51-->[:RobotCore-release:] AndroidManifest.xml:52:5-54:35
52        android:name="android.permission.WAKE_LOCK"
52-->[:RobotCore-release:] AndroidManifest.xml:53:9-52
53        android:required="true" />
53-->[:RobotCore-release:] AndroidManifest.xml:54:9-32
54    <uses-permission android:name="android.permission.CAMERA" />
54-->[:RobotCore-release:] AndroidManifest.xml:55:5-65
54-->[:RobotCore-release:] AndroidManifest.xml:55:22-62
55    <uses-permission android:name="android.permission.ACCESS_COARSE_LOCATION" />
55-->[:RobotCore-release:] AndroidManifest.xml:56:5-81
55-->[:RobotCore-release:] AndroidManifest.xml:56:22-78
56    <uses-permission
56-->[:RobotCore-release:] AndroidManifest.xml:57:5-59:35
57        android:name="com.revrobotics.permission.UPDATE_CONTROL_HUB"
57-->[:RobotCore-release:] AndroidManifest.xml:58:9-69
58        android:required="true" />
58-->[:RobotCore-release:] AndroidManifest.xml:59:9-32
59
60    <uses-feature android:name="android.hardware.usb.accessory" />
60-->[:RobotCore-release:] AndroidManifest.xml:61:5-67
60-->[:RobotCore-release:] AndroidManifest.xml:61:19-64
61    <uses-feature android:glEsVersion="0x00020000" />
61-->[:RobotCore-release:] AndroidManifest.xml:62:5-54
61-->[:RobotCore-release:] AndroidManifest.xml:62:19-51
62    <!--
63        NOTE: Any application that requests the CAMERA permission but does not
64        declare any camera features with the <uses-feature> element will be
65        assumed to use all camera features (auto-focus and flash). Thus, the
66        application will not be compatible with devices that do not support
67        all camera features. We use <uses-feature> to declare only the
68        camera features that our application does need. For instance, if you
69        request the CAMERA permission, but you do not need auto-focus or
70        flash, then declare only the android.hardware.camera feature. The
71        other camera features that you do not request will no longer be
72        assumed as required.
73    -->
74    <uses-feature android:name="android.hardware.camera" />
74-->[:RobotCore-release:] AndroidManifest.xml:76:5-60
74-->[:RobotCore-release:] AndroidManifest.xml:76:19-57
75
76    <uses-permission android:name="android.permission.READ_PHONE_STATE" />
77    <uses-permission android:name="android.permission.BLUETOOTH_ADMIN" />
77-->[:Inspection-release:] AndroidManifest.xml:12:5-74
77-->[:Inspection-release:] AndroidManifest.xml:12:22-71
78
79    <application
79-->src/main/AndroidManifest.xml:11:5-19
80        android:name="org.firstinspires.ftc.robotcore.internal.system.RobotApplication"
80-->[:RobotCore-release:] AndroidManifest.xml:78:18-97
81        android:allowBackup="true"
81-->[:FtcRobotController] AndroidManifest.xml:15:9-35
82        android:appComponentFactory="android.support.v4.app.CoreComponentFactory"
82-->[com.android.support:support-compat:28.0.0] AndroidManifest.xml:22:18-91
83        android:debuggable="true"
84        android:icon="@drawable/ic_launcher"
84-->[:FtcRobotController] AndroidManifest.xml:16:9-45
85        android:label="@string/app_name"
85-->[:FtcRobotController] AndroidManifest.xml:17:9-41
86        android:largeHeap="true"
86-->[:FtcRobotController] AndroidManifest.xml:18:9-33
87        android:theme="@style/AppThemeRedRC" > <!-- Indicates to the ControlHubUpdater what the latest version of the Control Hub is that this app supports -->
87-->[:FtcRobotController] AndroidManifest.xml:19:9-45
88        <meta-data
88-->[:FtcRobotController] AndroidManifest.xml:22:9-24:33
89            android:name="org.firstinspires.latestSupportedControlHubVersion"
89-->[:FtcRobotController] AndroidManifest.xml:23:13-78
90            android:value="1" /> <!-- The main robot controller activity -->
90-->[:FtcRobotController] AndroidManifest.xml:24:13-30
91        <activity
91-->[:FtcRobotController] AndroidManifest.xml:27:9-38:20
92            android:name="org.firstinspires.ftc.robotcontroller.internal.PermissionValidatorWrapper"
92-->[:FtcRobotController] AndroidManifest.xml:28:13-101
93            android:configChanges="orientation|screenSize"
93-->[:FtcRobotController] AndroidManifest.xml:29:13-59
94            android:label="@string/app_name"
94-->[:FtcRobotController] AndroidManifest.xml:30:13-45
95            android:launchMode="singleTask"
95-->[:FtcRobotController] AndroidManifest.xml:31:13-44
96            android:screenOrientation="fullUser" >
96-->[:FtcRobotController] AndroidManifest.xml:32:13-49
97            <intent-filter>
97-->[:FtcRobotController] AndroidManifest.xml:33:13-37:29
98                <category android:name="android.intent.category.LAUNCHER" />
98-->[:FtcRobotController] AndroidManifest.xml:34:17-77
98-->[:FtcRobotController] AndroidManifest.xml:34:27-74
99
100                <action android:name="android.intent.action.MAIN" />
100-->[:FtcRobotController] AndroidManifest.xml:36:17-69
100-->[:FtcRobotController] AndroidManifest.xml:36:25-66
101            </intent-filter>
102        </activity>
103        <activity
103-->[:FtcRobotController] AndroidManifest.xml:39:9-57:20
104            android:name="org.firstinspires.ftc.robotcontroller.internal.FtcRobotControllerActivity"
104-->[:FtcRobotController] AndroidManifest.xml:40:13-101
105            android:configChanges="orientation|screenSize"
105-->[:FtcRobotController] AndroidManifest.xml:41:13-59
106            android:label="@string/app_name"
106-->[:FtcRobotController] AndroidManifest.xml:42:13-45
107            android:launchMode="singleTask"
107-->[:FtcRobotController] AndroidManifest.xml:43:13-44
108            android:screenOrientation="fullUser" >
108-->[:FtcRobotController] AndroidManifest.xml:44:13-49
109            <intent-filter>
109-->[:FtcRobotController] AndroidManifest.xml:45:13-47:29
110                <action android:name="android.hardware.usb.action.USB_DEVICE_ATTACHED" />
110-->[:FtcRobotController] AndroidManifest.xml:46:17-90
110-->[:FtcRobotController] AndroidManifest.xml:46:25-87
111            </intent-filter>
112
113            <meta-data
113-->[:FtcRobotController] AndroidManifest.xml:49:13-51:57
114                android:name="android.hardware.usb.action.USB_DEVICE_ATTACHED"
114-->[:FtcRobotController] AndroidManifest.xml:50:17-79
115                android:resource="@xml/device_filter" />
115-->[:FtcRobotController] AndroidManifest.xml:51:17-54
116
117            <!-- org.firstinspires.main.entry indicates that this app is compatible with the Dragonboard Control Hub -->
118            <meta-data
118-->[:FtcRobotController] AndroidManifest.xml:54:13-56:40
119                android:name="org.firstinspires.main.entry"
119-->[:FtcRobotController] AndroidManifest.xml:55:17-60
120                android:value="true" />
120-->[:FtcRobotController] AndroidManifest.xml:56:17-37
121        </activity> <!-- The robot controller service in which most of the robot functionality is managed -->
122        <service
122-->[:FtcRobotController] AndroidManifest.xml:60:9-62:38
123            android:name="com.qualcomm.ftccommon.FtcRobotControllerService"
123-->[:FtcRobotController] AndroidManifest.xml:61:13-76
124            android:enabled="true" /> <!-- Service that keeps desktop folders up to date with respect to actual phone file system contents -->
124-->[:FtcRobotController] AndroidManifest.xml:62:13-35
125        <service
125-->[:RobotCore-release:] AndroidManifest.xml:81:9-83:38
126            android:name="org.firstinspires.ftc.robotcore.internal.files.MediaTransferProtocolMonitorService"
126-->[:RobotCore-release:] AndroidManifest.xml:82:13-110
127            android:enabled="true" />
127-->[:RobotCore-release:] AndroidManifest.xml:83:13-35
128
129        <meta-data
129-->[:RobotCore-release:] AndroidManifest.xml:85:9-87:41
130            android:name="autoStartService.org.firstinspires.ftc.robotcore.internal.files.MediaTransferProtocolMonitorService"
130-->[:RobotCore-release:] AndroidManifest.xml:86:13-127
131            android:value="BOTH|1000" /> <!-- Service that provides build services for OnBotJava -->
131-->[:RobotCore-release:] AndroidManifest.xml:87:13-38
132        <service
132-->[:RobotCore-release:] AndroidManifest.xml:90:9-92:38
133            android:name="org.firstinspires.ftc.onbotjava.OnBotJavaService"
133-->[:RobotCore-release:] AndroidManifest.xml:91:13-76
134            android:enabled="true" />
134-->[:RobotCore-release:] AndroidManifest.xml:92:13-35
135
136        <meta-data
136-->[:RobotCore-release:] AndroidManifest.xml:94:9-96:39
137            android:name="autoStartService.org.firstinspires.ftc.onbotjava.OnBotJavaService"
137-->[:RobotCore-release:] AndroidManifest.xml:95:13-93
138            android:value="RC|2000" />
138-->[:RobotCore-release:] AndroidManifest.xml:96:13-36
139
140        <receiver
140-->[:RobotCore-release:] AndroidManifest.xml:98:9-105:20
141            android:name="org.firstinspires.ftc.robotserver.internal.webserver.controlhubupdater.ChUpdaterCommManager$ChUpdaterBroadcastReceiver"
141-->[:RobotCore-release:] AndroidManifest.xml:99:13-146
142            android:exported="true"
142-->[:RobotCore-release:] AndroidManifest.xml:100:13-36
143            android:permission="android.permission.INSTALL_PACKAGES" >
143-->[:RobotCore-release:] AndroidManifest.xml:101:13-69
144            <intent-filter>
144-->[:RobotCore-release:] AndroidManifest.xml:102:13-104:29
145                <action android:name="com.revrobotics.controlhubupdater.broadcast.RESULT_BROADCAST" />
145-->[:RobotCore-release:] AndroidManifest.xml:103:17-103
145-->[:RobotCore-release:] AndroidManifest.xml:103:25-100
146            </intent-filter>
147        </receiver>
148
149        <activity
149-->[:FtcCommon-release:] AndroidManifest.xml:26:9-30:20
150            android:name="com.qualcomm.ftccommon.FtcRobotControllerSettingsActivity"
150-->[:FtcCommon-release:] AndroidManifest.xml:27:13-85
151            android:exported="true"
151-->[:FtcCommon-release:] AndroidManifest.xml:28:13-36
152            android:label="@string/settings_activity" >
152-->[:FtcCommon-release:] AndroidManifest.xml:29:13-54
153        </activity>
154        <activity
154-->[:FtcCommon-release:] AndroidManifest.xml:31:9-36:20
155            android:name="com.qualcomm.ftccommon.configuration.FtcLoadFileActivity"
155-->[:FtcCommon-release:] AndroidManifest.xml:32:13-84
156            android:configChanges="orientation|screenSize"
156-->[:FtcCommon-release:] AndroidManifest.xml:33:13-59
157            android:exported="true"
157-->[:FtcCommon-release:] AndroidManifest.xml:34:13-36
158            android:label="@string/configure_activity" >
158-->[:FtcCommon-release:] AndroidManifest.xml:35:13-55
159        </activity>
160        <activity
160-->[:FtcCommon-release:] AndroidManifest.xml:37:9-42:20
161            android:name="com.qualcomm.ftccommon.configuration.ConfigureFromTemplateActivity"
161-->[:FtcCommon-release:] AndroidManifest.xml:38:13-94
162            android:configChanges="orientation|screenSize"
162-->[:FtcCommon-release:] AndroidManifest.xml:39:13-59
163            android:exported="true"
163-->[:FtcCommon-release:] AndroidManifest.xml:40:13-36
164            android:label="@string/title_activity_configfromtemplate" >
164-->[:FtcCommon-release:] AndroidManifest.xml:41:13-70
165        </activity>
166        <activity
166-->[:FtcCommon-release:] AndroidManifest.xml:43:9-48:20
167            android:name="com.qualcomm.ftccommon.ViewLogsActivity"
167-->[:FtcCommon-release:] AndroidManifest.xml:44:13-67
168            android:configChanges="orientation|screenSize"
168-->[:FtcCommon-release:] AndroidManifest.xml:45:13-59
169            android:exported="true"
169-->[:FtcCommon-release:] AndroidManifest.xml:46:13-36
170            android:label="@string/view_logs_activity" >
170-->[:FtcCommon-release:] AndroidManifest.xml:47:13-55
171        </activity>
172        <activity
172-->[:FtcCommon-release:] AndroidManifest.xml:49:9-53:20
173            android:name="com.qualcomm.ftccommon.configuration.FtcConfigurationActivity"
173-->[:FtcCommon-release:] AndroidManifest.xml:50:13-89
174            android:configChanges="orientation|screenSize"
174-->[:FtcCommon-release:] AndroidManifest.xml:51:13-59
175            android:label="@string/app_name" >
175-->[:FtcCommon-release:] AndroidManifest.xml:52:13-45
176        </activity>
177        <activity
177-->[:FtcCommon-release:] AndroidManifest.xml:54:9-58:20
178            android:name="com.qualcomm.ftccommon.configuration.FtcNewFileActivity"
178-->[:FtcCommon-release:] AndroidManifest.xml:55:13-83
179            android:configChanges="orientation|screenSize"
179-->[:FtcCommon-release:] AndroidManifest.xml:56:13-59
180            android:label="@string/app_name" >
180-->[:FtcCommon-release:] AndroidManifest.xml:57:13-45
181        </activity>
182        <activity
182-->[:FtcCommon-release:] AndroidManifest.xml:59:9-62:73
183            android:name="com.qualcomm.ftccommon.ConfigWifiDirectActivity"
183-->[:FtcCommon-release:] AndroidManifest.xml:60:13-75
184            android:exported="true"
184-->[:FtcCommon-release:] AndroidManifest.xml:61:13-36
185            android:label="@string/title_activity_config_wifi_direct" />
185-->[:FtcCommon-release:] AndroidManifest.xml:62:13-70
186        <activity
186-->[:FtcCommon-release:] AndroidManifest.xml:63:9-67:20
187            android:name="com.qualcomm.ftccommon.FtcAdvancedRCSettingsActivity"
187-->[:FtcCommon-release:] AndroidManifest.xml:64:13-80
188            android:exported="true"
188-->[:FtcCommon-release:] AndroidManifest.xml:65:13-36
189            android:label="@string/titleAdvancedRCSettings" >
189-->[:FtcCommon-release:] AndroidManifest.xml:66:13-60
190        </activity>
191        <activity
191-->[:FtcCommon-release:] AndroidManifest.xml:68:9-71:20
192            android:name="com.qualcomm.ftccommon.FtcLynxFirmwareUpdateActivity"
192-->[:FtcCommon-release:] AndroidManifest.xml:69:13-80
193            android:exported="true" >
193-->[:FtcCommon-release:] AndroidManifest.xml:70:13-36
194        </activity>
195        <activity
195-->[:FtcCommon-release:] AndroidManifest.xml:72:9-75:20
196            android:name="com.qualcomm.ftccommon.FtcLynxModuleAddressUpdateActivity"
196-->[:FtcCommon-release:] AndroidManifest.xml:73:13-85
197            android:exported="true" >
197-->[:FtcCommon-release:] AndroidManifest.xml:74:13-36
198        </activity>
199        <activity
199-->[:FtcCommon-release:] AndroidManifest.xml:76:9-80:20
200            android:name="com.qualcomm.ftccommon.FtcWifiDirectChannelSelectorActivity"
200-->[:FtcCommon-release:] AndroidManifest.xml:77:13-87
201            android:exported="true"
201-->[:FtcCommon-release:] AndroidManifest.xml:78:13-36
202            android:label="@string/title_activity_wifi_channel_selector" >
202-->[:FtcCommon-release:] AndroidManifest.xml:79:13-73
203        </activity>
204        <activity
204-->[:FtcCommon-release:] AndroidManifest.xml:81:9-85:20
205            android:name="com.qualcomm.ftccommon.FtcWifiDirectRememberedGroupsActivity"
205-->[:FtcCommon-release:] AndroidManifest.xml:82:13-88
206            android:exported="true"
206-->[:FtcCommon-release:] AndroidManifest.xml:83:13-36
207            android:label="@string/title_activity_wifi_remembered_groups_editor" >
207-->[:FtcCommon-release:] AndroidManifest.xml:84:13-81
208        </activity>
209        <activity
209-->[:FtcCommon-release:] AndroidManifest.xml:86:9-89:20
210            android:name="com.qualcomm.ftccommon.AboutActivity"
210-->[:FtcCommon-release:] AndroidManifest.xml:87:13-64
211            android:label="@string/about_activity" >
211-->[:FtcCommon-release:] AndroidManifest.xml:88:13-51
212        </activity>
213        <activity
213-->[:FtcCommon-release:] AndroidManifest.xml:90:9-93:20
214            android:name="com.qualcomm.ftccommon.FtcAboutActivity"
214-->[:FtcCommon-release:] AndroidManifest.xml:91:13-67
215            android:label="@string/ftc_about_activity" >
215-->[:FtcCommon-release:] AndroidManifest.xml:92:13-55
216        </activity>
217        <activity
217-->[:FtcCommon-release:] AndroidManifest.xml:94:9-99:20
218            android:name="com.qualcomm.ftccommon.configuration.EditSwapUsbDevices"
218-->[:FtcCommon-release:] AndroidManifest.xml:95:13-83
219            android:configChanges="orientation|screenSize"
219-->[:FtcCommon-release:] AndroidManifest.xml:96:13-59
220            android:label="@string/edit_swap_devices_activity"
220-->[:FtcCommon-release:] AndroidManifest.xml:97:13-63
221            android:windowSoftInputMode="stateHidden" >
221-->[:FtcCommon-release:] AndroidManifest.xml:98:13-54
222        </activity>
223        <activity
223-->[:FtcCommon-release:] AndroidManifest.xml:100:9-105:20
224            android:name="com.qualcomm.ftccommon.configuration.EditMotorControllerActivity"
224-->[:FtcCommon-release:] AndroidManifest.xml:101:13-92
225            android:configChanges="orientation|screenSize"
225-->[:FtcCommon-release:] AndroidManifest.xml:102:13-59
226            android:label="@string/edit_motor_controller_activity"
226-->[:FtcCommon-release:] AndroidManifest.xml:103:13-67
227            android:windowSoftInputMode="stateHidden" >
227-->[:FtcCommon-release:] AndroidManifest.xml:104:13-54
228        </activity>
229        <activity
229-->[:FtcCommon-release:] AndroidManifest.xml:106:9-111:20
230            android:name="com.qualcomm.ftccommon.configuration.EditLegacyMotorControllerActivity"
230-->[:FtcCommon-release:] AndroidManifest.xml:107:13-98
231            android:configChanges="orientation|screenSize"
231-->[:FtcCommon-release:] AndroidManifest.xml:108:13-59
232            android:label="@string/edit_motor_controller_activity"
232-->[:FtcCommon-release:] AndroidManifest.xml:109:13-67
233            android:windowSoftInputMode="stateHidden" >
233-->[:FtcCommon-release:] AndroidManifest.xml:110:13-54
234        </activity>
235        <activity
235-->[:FtcCommon-release:] AndroidManifest.xml:112:9-117:20
236            android:name="com.qualcomm.ftccommon.configuration.EditMotorListActivity"
236-->[:FtcCommon-release:] AndroidManifest.xml:113:13-86
237            android:configChanges="orientation|screenSize"
237-->[:FtcCommon-release:] AndroidManifest.xml:114:13-59
238            android:label="@string/edit_motor_controller_activity"
238-->[:FtcCommon-release:] AndroidManifest.xml:115:13-67
239            android:windowSoftInputMode="stateHidden" >
239-->[:FtcCommon-release:] AndroidManifest.xml:116:13-54
240        </activity>
241        <activity
241-->[:FtcCommon-release:] AndroidManifest.xml:118:9-123:20
242            android:name="com.qualcomm.ftccommon.configuration.EditServoControllerActivity"
242-->[:FtcCommon-release:] AndroidManifest.xml:119:13-92
243            android:configChanges="orientation|screenSize"
243-->[:FtcCommon-release:] AndroidManifest.xml:120:13-59
244            android:label="@string/edit_servo_controller_activity"
244-->[:FtcCommon-release:] AndroidManifest.xml:121:13-67
245            android:windowSoftInputMode="stateHidden|adjustResize" >
245-->[:FtcCommon-release:] AndroidManifest.xml:122:13-67
246        </activity>
247        <activity
247-->[:FtcCommon-release:] AndroidManifest.xml:124:9-129:20
248            android:name="com.qualcomm.ftccommon.configuration.EditLegacyServoControllerActivity"
248-->[:FtcCommon-release:] AndroidManifest.xml:125:13-98
249            android:configChanges="orientation|screenSize"
249-->[:FtcCommon-release:] AndroidManifest.xml:126:13-59
250            android:label="@string/edit_servo_controller_activity"
250-->[:FtcCommon-release:] AndroidManifest.xml:127:13-67
251            android:windowSoftInputMode="stateHidden|adjustResize" >
251-->[:FtcCommon-release:] AndroidManifest.xml:128:13-67
252        </activity>
253        <activity
253-->[:FtcCommon-release:] AndroidManifest.xml:130:9-135:20
254            android:name="com.qualcomm.ftccommon.configuration.EditServoListActivity"
254-->[:FtcCommon-release:] AndroidManifest.xml:131:13-86
255            android:configChanges="orientation|screenSize"
255-->[:FtcCommon-release:] AndroidManifest.xml:132:13-59
256            android:label="@string/edit_servo_controller_activity"
256-->[:FtcCommon-release:] AndroidManifest.xml:133:13-67
257            android:windowSoftInputMode="stateHidden|adjustResize" >
257-->[:FtcCommon-release:] AndroidManifest.xml:134:13-67
258        </activity>
259        <activity
259-->[:FtcCommon-release:] AndroidManifest.xml:136:9-141:20
260            android:name="com.qualcomm.ftccommon.configuration.EditLegacyModuleControllerActivity"
260-->[:FtcCommon-release:] AndroidManifest.xml:137:13-99
261            android:configChanges="orientation|screenSize"
261-->[:FtcCommon-release:] AndroidManifest.xml:138:13-59
262            android:label="@string/edit_legacy_module_controller_activity"
262-->[:FtcCommon-release:] AndroidManifest.xml:139:13-75
263            android:windowSoftInputMode="stateHidden|adjustResize" >
263-->[:FtcCommon-release:] AndroidManifest.xml:140:13-67
264        </activity>
265        <activity
265-->[:FtcCommon-release:] AndroidManifest.xml:142:9-147:20
266            android:name="com.qualcomm.ftccommon.configuration.EditMatrixControllerActivity"
266-->[:FtcCommon-release:] AndroidManifest.xml:143:13-93
267            android:configChanges="orientation|screenSize"
267-->[:FtcCommon-release:] AndroidManifest.xml:144:13-59
268            android:label="@string/edit_matrix_controller_activity"
268-->[:FtcCommon-release:] AndroidManifest.xml:145:13-68
269            android:windowSoftInputMode="stateHidden|adjustResize" >
269-->[:FtcCommon-release:] AndroidManifest.xml:146:13-67
270        </activity>
271        <activity
271-->[:FtcCommon-release:] AndroidManifest.xml:148:9-153:20
272            android:name="com.qualcomm.ftccommon.configuration.EditDeviceInterfaceModuleActivity"
272-->[:FtcCommon-release:] AndroidManifest.xml:149:13-98
273            android:configChanges="orientation|screenSize"
273-->[:FtcCommon-release:] AndroidManifest.xml:150:13-59
274            android:label="@string/edit_core_device_interface_module_controller_activity"
274-->[:FtcCommon-release:] AndroidManifest.xml:151:13-90
275            android:windowSoftInputMode="stateHidden|adjustResize" >
275-->[:FtcCommon-release:] AndroidManifest.xml:152:13-67
276        </activity>
277        <activity
277-->[:FtcCommon-release:] AndroidManifest.xml:154:9-159:20
278            android:name="com.qualcomm.ftccommon.configuration.EditLynxModuleActivity"
278-->[:FtcCommon-release:] AndroidManifest.xml:155:13-87
279            android:configChanges="orientation|screenSize"
279-->[:FtcCommon-release:] AndroidManifest.xml:156:13-59
280            android:label="@string/edit_lynx_module_controller_activity"
280-->[:FtcCommon-release:] AndroidManifest.xml:157:13-73
281            android:windowSoftInputMode="stateHidden|adjustResize" >
281-->[:FtcCommon-release:] AndroidManifest.xml:158:13-67
282        </activity>
283        <activity
283-->[:FtcCommon-release:] AndroidManifest.xml:160:9-165:20
284            android:name="com.qualcomm.ftccommon.configuration.EditLynxUsbDeviceActivity"
284-->[:FtcCommon-release:] AndroidManifest.xml:161:13-90
285            android:configChanges="orientation|screenSize"
285-->[:FtcCommon-release:] AndroidManifest.xml:162:13-59
286            android:label="@string/edit_lynx_usb_device_activity"
286-->[:FtcCommon-release:] AndroidManifest.xml:163:13-66
287            android:windowSoftInputMode="stateHidden|adjustResize" >
287-->[:FtcCommon-release:] AndroidManifest.xml:164:13-67
288        </activity>
289        <activity
289-->[:FtcCommon-release:] AndroidManifest.xml:166:9-171:20
290            android:name="com.qualcomm.ftccommon.configuration.EditWebcamActivity"
290-->[:FtcCommon-release:] AndroidManifest.xml:167:13-83
291            android:configChanges="orientation|screenSize"
291-->[:FtcCommon-release:] AndroidManifest.xml:168:13-59
292            android:label="@string/edit_webcam_activity"
292-->[:FtcCommon-release:] AndroidManifest.xml:169:13-57
293            android:windowSoftInputMode="stateHidden|adjustResize" >
293-->[:FtcCommon-release:] AndroidManifest.xml:170:13-67
294        </activity>
295        <activity
295-->[:FtcCommon-release:] AndroidManifest.xml:172:9-177:20
296            android:name="com.qualcomm.ftccommon.configuration.EditPWMDevicesActivity"
296-->[:FtcCommon-release:] AndroidManifest.xml:173:13-87
297            android:configChanges="orientation|screenSize"
297-->[:FtcCommon-release:] AndroidManifest.xml:174:13-59
298            android:label="@string/edit_pwm_devices_activity"
298-->[:FtcCommon-release:] AndroidManifest.xml:175:13-62
299            android:windowSoftInputMode="stateHidden|adjustResize" >
299-->[:FtcCommon-release:] AndroidManifest.xml:176:13-67
300        </activity>
301        <activity
301-->[:FtcCommon-release:] AndroidManifest.xml:178:9-183:20
302            android:name="com.qualcomm.ftccommon.configuration.EditAnalogInputDevicesActivity"
302-->[:FtcCommon-release:] AndroidManifest.xml:179:13-95
303            android:configChanges="orientation|screenSize"
303-->[:FtcCommon-release:] AndroidManifest.xml:180:13-59
304            android:label="@string/edit_analog_input_devices_activity"
304-->[:FtcCommon-release:] AndroidManifest.xml:181:13-71
305            android:windowSoftInputMode="stateHidden|adjustResize" >
305-->[:FtcCommon-release:] AndroidManifest.xml:182:13-67
306        </activity>
307        <activity
307-->[:FtcCommon-release:] AndroidManifest.xml:184:9-189:20
308            android:name="com.qualcomm.ftccommon.configuration.EditDigitalDevicesActivity"
308-->[:FtcCommon-release:] AndroidManifest.xml:185:13-91